2025-06-12 11:07:06.274 [main] INFO  com.kang.smdc.SmdcApplication - Starting SmdcApplication using Java 1.8.0_271 on LAPTOP-4SK4LL6T with PID 26400 (D:\Documents\git_project\smdc\target\classes started by XK in D:\Documents\git_project\smdc)
2025-06-12 11:07:06.282 [main] DEBUG com.kang.smdc.SmdcApplication - Running with Spring Boot v2.6.13, Spring v5.3.23
2025-06-12 11:07:06.283 [main] INFO  com.kang.smdc.SmdcApplication - No active profile set, falling back to 1 default profile: "default"
2025-06-12 11:07:08.461 [main] INFO  o.s.boot.web.embedded.tomcat.TomcatWebServer - Tomcat initialized with port(s): 8080 (http)
2025-06-12 11:07:08.462 [main] INFO  org.apache.catalina.core.AprLifecycleListener - An older version [1.2.26] of the Apache Tomcat Native library is installed, while Tomcat recommends a minimum version of [1.2.30]
2025-06-12 11:07:08.463 [main] INFO  org.apache.catalina.core.AprLifecycleListener - Loaded Apache Tomcat Native library [1.2.26] using APR version [1.7.0].
2025-06-12 11:07:08.463 [main] INFO  org.apache.catalina.core.AprLifecycleListener - APR capabilities: IPv6 [true], sendfile [true], accept filters [false], random [true], UDS [true].
2025-06-12 11:07:08.463 [main] INFO  org.apache.catalina.core.AprLifecycleListener - APR/OpenSSL configuration: useAprConnector [false], useOpenSSL [true]
2025-06-12 11:07:08.478 [main] INFO  org.apache.catalina.core.AprLifecycleListener - OpenSSL successfully initialized [OpenSSL 1.1.1i  8 Dec 2020]
2025-06-12 11:07:08.488 [main] INFO  org.apache.catalina.core.StandardService - Starting service [Tomcat]
2025-06-12 11:07:08.488 [main] INFO  org.apache.catalina.core.StandardEngine - Starting Servlet engine: [Apache Tomcat/9.0.68]
2025-06-12 11:07:08.876 [main] INFO  o.a.c.core.ContainerBase.[Tomcat].[localhost].[/] - Initializing Spring embedded WebApplicationContext
2025-06-12 11:07:08.876 [main] INFO  o.s.b.w.s.c.ServletWebServerApplicationContext - Root WebApplicationContext: initialization completed in 2530 ms
2025-06-12 11:07:08.996 [main] WARN  o.s.b.w.s.c.AnnotationConfigServletWebServerApplicationContext - Exception encountered during context initialization - cancelling refresh attempt: org.springframework.beans.factory.BeanCreationException: Error creating bean with name 'jwtUtil' defined in file [D:\Documents\git_project\smdc\target\classes\com\kang\smdc\common\util\JwtUtil.class]: Instantiation of bean failed; nested exception is java.lang.ExceptionInInitializerError
2025-06-12 11:07:09.000 [main] INFO  org.apache.catalina.core.StandardService - Stopping service [Tomcat]
2025-06-12 11:07:09.028 [main] INFO  o.s.b.a.l.ConditionEvaluationReportLoggingListener - 

Error starting ApplicationContext. To display the conditions report re-run your application with 'debug' enabled.
2025-06-12 11:07:09.074 [main] ERROR org.springframework.boot.SpringApplication - Application run failed
org.springframework.beans.factory.BeanCreationException: Error creating bean with name 'jwtUtil' defined in file [D:\Documents\git_project\smdc\target\classes\com\kang\smdc\common\util\JwtUtil.class]: Instantiation of bean failed; nested exception is java.lang.ExceptionInInitializerError
	at org.springframework.beans.factory.support.AbstractAutowireCapableBeanFactory.instantiateBean(AbstractAutowireCapableBeanFactory.java:1334)
	at org.springframework.beans.factory.support.AbstractAutowireCapableBeanFactory.createBeanInstance(AbstractAutowireCapableBeanFactory.java:1232)
	at org.springframework.beans.factory.support.AbstractAutowireCapableBeanFactory.doCreateBean(AbstractAutowireCapableBeanFactory.java:582)
	at org.springframework.beans.factory.support.AbstractAutowireCapableBeanFactory.createBean(AbstractAutowireCapableBeanFactory.java:542)
	at org.springframework.beans.factory.support.AbstractBeanFactory.lambda$doGetBean$0(AbstractBeanFactory.java:335)
	at org.springframework.beans.factory.support.DefaultSingletonBeanRegistry.getSingleton(DefaultSingletonBeanRegistry.java:234)
	at org.springframework.beans.factory.support.AbstractBeanFactory.doGetBean(AbstractBeanFactory.java:333)
	at org.springframework.beans.factory.support.AbstractBeanFactory.getBean(AbstractBeanFactory.java:208)
	at org.springframework.beans.factory.support.DefaultListableBeanFactory.preInstantiateSingletons(DefaultListableBeanFactory.java:955)
	at org.springframework.context.support.AbstractApplicationContext.finishBeanFactoryInitialization(AbstractApplicationContext.java:918)
	at org.springframework.context.support.AbstractApplicationContext.refresh(AbstractApplicationContext.java:583)
	at org.springframework.boot.web.servlet.context.ServletWebServerApplicationContext.refresh(ServletWebServerApplicationContext.java:145)
	at org.springframework.boot.SpringApplication.refresh(SpringApplication.java:745)
	at org.springframework.boot.SpringApplication.refreshContext(SpringApplication.java:420)
	at org.springframework.boot.SpringApplication.run(SpringApplication.java:307)
	at org.springframework.boot.SpringApplication.run(SpringApplication.java:1317)
	at org.springframework.boot.SpringApplication.run(SpringApplication.java:1306)
	at com.kang.smdc.SmdcApplication.main(SmdcApplication.java:10)
Caused by: java.lang.ExceptionInInitializerError: null
	at sun.reflect.NativeConstructorAccessorImpl.newInstance0(Native Method)
	at sun.reflect.NativeConstructorAccessorImpl.newInstance(NativeConstructorAccessorImpl.java:62)
	at sun.reflect.DelegatingConstructorAccessorImpl.newInstance(DelegatingConstructorAccessorImpl.java:45)
	at java.lang.reflect.Constructor.newInstance(Constructor.java:423)
	at org.springframework.beans.BeanUtils.instantiateClass(BeanUtils.java:211)
	at org.springframework.beans.factory.support.SimpleInstantiationStrategy.instantiate(SimpleInstantiationStrategy.java:87)
	at org.springframework.beans.factory.support.AbstractAutowireCapableBeanFactory.instantiateBean(AbstractAutowireCapableBeanFactory.java:1326)
	... 17 common frames omitted
Caused by: io.jsonwebtoken.security.WeakKeyException: The specified key byte array is 88 bits which is not secure enough for any JWT HMAC-SHA algorithm.  The JWT JWA Specification (RFC 7518, Section 3.2) states that keys used with HMAC-SHA algorithms MUST have a size >= 256 bits (the key size must be greater than or equal to the hash output size).  Consider using the io.jsonwebtoken.security.Keys#secretKeyFor(SignatureAlgorithm) method to create a key guaranteed to be secure enough for your preferred HMAC-SHA algorithm.  See https://tools.ietf.org/html/rfc7518#section-3.2 for more information.
	at io.jsonwebtoken.security.Keys.hmacShaKeyFor(Keys.java:96)
	at com.kang.smdc.common.util.JwtUtil.<clinit>(JwtUtil.java:25)
	... 24 common frames omitted
2025-06-12 11:22:46.859 [main] INFO  com.kang.smdc.SmdcApplication - Starting SmdcApplication using Java 1.8.0_271 on LAPTOP-4SK4LL6T with PID 39396 (D:\Documents\git_project\smdc\target\classes started by XK in D:\Documents\git_project\smdc)
2025-06-12 11:22:46.862 [main] DEBUG com.kang.smdc.SmdcApplication - Running with Spring Boot v2.6.13, Spring v5.3.23
2025-06-12 11:22:46.862 [main] INFO  com.kang.smdc.SmdcApplication - No active profile set, falling back to 1 default profile: "default"
2025-06-12 11:22:48.298 [main] INFO  o.s.boot.web.embedded.tomcat.TomcatWebServer - Tomcat initialized with port(s): 8080 (http)
2025-06-12 11:22:48.300 [main] INFO  org.apache.catalina.core.AprLifecycleListener - An older version [1.2.26] of the Apache Tomcat Native library is installed, while Tomcat recommends a minimum version of [1.2.30]
2025-06-12 11:22:48.300 [main] INFO  org.apache.catalina.core.AprLifecycleListener - Loaded Apache Tomcat Native library [1.2.26] using APR version [1.7.0].
2025-06-12 11:22:48.300 [main] INFO  org.apache.catalina.core.AprLifecycleListener - APR capabilities: IPv6 [true], sendfile [true], accept filters [false], random [true], UDS [true].
2025-06-12 11:22:48.300 [main] INFO  org.apache.catalina.core.AprLifecycleListener - APR/OpenSSL configuration: useAprConnector [false], useOpenSSL [true]
2025-06-12 11:22:48.304 [main] INFO  org.apache.catalina.core.AprLifecycleListener - OpenSSL successfully initialized [OpenSSL 1.1.1i  8 Dec 2020]
2025-06-12 11:22:48.314 [main] INFO  org.apache.catalina.core.StandardService - Starting service [Tomcat]
2025-06-12 11:22:48.314 [main] INFO  org.apache.catalina.core.StandardEngine - Starting Servlet engine: [Apache Tomcat/9.0.68]
2025-06-12 11:22:48.513 [main] INFO  o.a.c.core.ContainerBase.[Tomcat].[localhost].[/] - Initializing Spring embedded WebApplicationContext
2025-06-12 11:22:48.513 [main] INFO  o.s.b.w.s.c.ServletWebServerApplicationContext - Root WebApplicationContext: initialization completed in 1576 ms
2025-06-12 11:22:50.166 [main] INFO  s.d.s.w.WebMvcPropertySourcedRequestMappingHandlerMapping - Mapped URL path [/v2/api-docs] onto method [springfox.documentation.swagger2.web.Swagger2ControllerWebMvc#getDocumentation(String, HttpServletRequest)]
2025-06-12 11:22:50.475 [main] INFO  o.s.b.a.web.servlet.WelcomePageHandlerMapping - Adding welcome page: class path resource [static/index.html]
2025-06-12 11:22:50.499 [main] INFO  com.kang.smdc.config.WebMvcConfig - 开始进行静态资源映射...
2025-06-12 11:22:50.665 [main] INFO  o.s.boot.web.embedded.tomcat.TomcatWebServer - Tomcat started on port(s): 8080 (http) with context path ''
2025-06-12 11:22:50.666 [main] INFO  s.d.s.web.plugins.DocumentationPluginsBootstrapper - Documentation plugins bootstrapped
2025-06-12 11:22:50.669 [main] INFO  s.d.s.web.plugins.DocumentationPluginsBootstrapper - Found 1 custom documentation plugin(s)
2025-06-12 11:22:50.712 [main] INFO  s.d.spring.web.scanners.ApiListingReferenceScanner - Scanning for api listing references
2025-06-12 11:22:50.882 [main] INFO  s.d.s.w.r.operation.CachingOperationNameGenerator - Generating unique operation named: pageUsingGET_1
2025-06-12 11:22:50.892 [main] INFO  s.d.s.w.r.operation.CachingOperationNameGenerator - Generating unique operation named: addUsingPOST_1
2025-06-12 11:22:50.894 [main] INFO  s.d.s.w.r.operation.CachingOperationNameGenerator - Generating unique operation named: deleteUsingPOST_1
2025-06-12 11:22:50.897 [main] INFO  s.d.s.w.r.operation.CachingOperationNameGenerator - Generating unique operation named: updateUsingPOST_1
2025-06-12 11:22:50.911 [main] INFO  s.d.s.w.r.operation.CachingOperationNameGenerator - Generating unique operation named: pageUsingGET_2
2025-06-12 11:22:50.914 [main] INFO  s.d.s.w.r.operation.CachingOperationNameGenerator - Generating unique operation named: getInfoUsingGET_1
2025-06-12 11:22:50.921 [main] INFO  s.d.s.w.r.operation.CachingOperationNameGenerator - Generating unique operation named: addUsingPOST_2
2025-06-12 11:22:50.922 [main] INFO  s.d.s.w.r.operation.CachingOperationNameGenerator - Generating unique operation named: updateUsingPOST_2
2025-06-12 11:22:50.927 [main] INFO  s.d.s.w.r.operation.CachingOperationNameGenerator - Generating unique operation named: getInfoUsingGET_2
2025-06-12 11:22:50.931 [main] INFO  s.d.s.w.r.operation.CachingOperationNameGenerator - Generating unique operation named: updateUsingPOST_3
2025-06-12 11:22:50.941 [main] INFO  s.d.s.w.r.operation.CachingOperationNameGenerator - Generating unique operation named: addUsingPOST_3
2025-06-12 11:22:50.943 [main] INFO  s.d.s.w.r.operation.CachingOperationNameGenerator - Generating unique operation named: deleteUsingPOST_2
2025-06-12 11:22:50.947 [main] INFO  s.d.s.w.r.operation.CachingOperationNameGenerator - Generating unique operation named: updateUsingPOST_4
2025-06-12 11:22:50.953 [main] INFO  s.d.s.w.r.operation.CachingOperationNameGenerator - Generating unique operation named: listUsingGET_1
2025-06-12 11:22:50.955 [main] INFO  s.d.s.w.r.operation.CachingOperationNameGenerator - Generating unique operation named: listUsingGET_2
2025-06-12 11:22:50.969 [main] INFO  s.d.s.w.r.operation.CachingOperationNameGenerator - Generating unique operation named: getInfoUsingGET_3
2025-06-12 11:22:50.979 [main] INFO  s.d.s.w.r.operation.CachingOperationNameGenerator - Generating unique operation named: getInfoUsingGET_4
2025-06-12 11:22:50.983 [main] INFO  s.d.s.w.r.operation.CachingOperationNameGenerator - Generating unique operation named: loginUsingPOST_1
2025-06-12 11:22:50.989 [main] INFO  s.d.s.w.r.operation.CachingOperationNameGenerator - Generating unique operation named: updateUsingPOST_5
2025-06-12 11:22:51.003 [main] INFO  com.kang.smdc.SmdcApplication - Started SmdcApplication in 4.741 seconds (JVM running for 5.676)
2025-06-12 11:34:27.230 [http-nio-8080-exec-1] INFO  o.a.c.core.ContainerBase.[Tomcat].[localhost].[/] - Initializing Spring DispatcherServlet 'dispatcherServlet'
2025-06-12 11:34:27.230 [http-nio-8080-exec-1] INFO  org.springframework.web.servlet.DispatcherServlet - Initializing Servlet 'dispatcherServlet'
2025-06-12 11:34:27.231 [http-nio-8080-exec-1] INFO  org.springframework.web.servlet.DispatcherServlet - Completed initialization in 1 ms
2025-06-12 11:34:27.306 [http-nio-8080-exec-1] INFO  com.kang.smdc.controller.mini.MiniUserController - 账号密码登录：username=test
2025-06-12 11:34:27.380 [http-nio-8080-exec-1] INFO  com.zaxxer.hikari.HikariDataSource - HikariPool-1 - Starting...
2025-06-12 11:34:27.538 [http-nio-8080-exec-1] INFO  com.zaxxer.hikari.HikariDataSource - HikariPool-1 - Start completed.
2025-06-12 11:34:56.224 [http-nio-8080-exec-8] INFO  com.kang.smdc.controller.mini.MiniShopController - 小程序获取店铺信息
2025-06-12 11:56:40.973 [main] INFO  com.kang.smdc.SmdcApplication - Starting SmdcApplication using Java 1.8.0_271 on LAPTOP-4SK4LL6T with PID 41840 (D:\Documents\git_project\smdc\target\classes started by XK in D:\Documents\git_project\smdc)
2025-06-12 11:56:40.977 [main] DEBUG com.kang.smdc.SmdcApplication - Running with Spring Boot v2.6.13, Spring v5.3.23
2025-06-12 11:56:40.978 [main] INFO  com.kang.smdc.SmdcApplication - No active profile set, falling back to 1 default profile: "default"
2025-06-12 11:56:42.391 [main] INFO  o.s.boot.web.embedded.tomcat.TomcatWebServer - Tomcat initialized with port(s): 8080 (http)
2025-06-12 11:56:42.392 [main] INFO  org.apache.catalina.core.AprLifecycleListener - An older version [1.2.26] of the Apache Tomcat Native library is installed, while Tomcat recommends a minimum version of [1.2.30]
2025-06-12 11:56:42.393 [main] INFO  org.apache.catalina.core.AprLifecycleListener - Loaded Apache Tomcat Native library [1.2.26] using APR version [1.7.0].
2025-06-12 11:56:42.393 [main] INFO  org.apache.catalina.core.AprLifecycleListener - APR capabilities: IPv6 [true], sendfile [true], accept filters [false], random [true], UDS [true].
2025-06-12 11:56:42.393 [main] INFO  org.apache.catalina.core.AprLifecycleListener - APR/OpenSSL configuration: useAprConnector [false], useOpenSSL [true]
2025-06-12 11:56:42.397 [main] INFO  org.apache.catalina.core.AprLifecycleListener - OpenSSL successfully initialized [OpenSSL 1.1.1i  8 Dec 2020]
2025-06-12 11:56:42.404 [main] INFO  org.apache.catalina.core.StandardService - Starting service [Tomcat]
2025-06-12 11:56:42.404 [main] INFO  org.apache.catalina.core.StandardEngine - Starting Servlet engine: [Apache Tomcat/9.0.68]
2025-06-12 11:56:42.658 [main] INFO  o.a.c.core.ContainerBase.[Tomcat].[localhost].[/] - Initializing Spring embedded WebApplicationContext
2025-06-12 11:56:42.658 [main] INFO  o.s.b.w.s.c.ServletWebServerApplicationContext - Root WebApplicationContext: initialization completed in 1634 ms
2025-06-12 11:56:44.601 [main] INFO  s.d.s.w.WebMvcPropertySourcedRequestMappingHandlerMapping - Mapped URL path [/v2/api-docs] onto method [springfox.documentation.swagger2.web.Swagger2ControllerWebMvc#getDocumentation(String, HttpServletRequest)]
2025-06-12 11:56:44.870 [main] INFO  o.s.b.a.web.servlet.WelcomePageHandlerMapping - Adding welcome page: class path resource [static/index.html]
2025-06-12 11:56:44.887 [main] INFO  com.kang.smdc.config.WebMvcConfig - 开始进行静态资源映射...
2025-06-12 11:56:45.036 [main] INFO  o.s.boot.web.embedded.tomcat.TomcatWebServer - Tomcat started on port(s): 8080 (http) with context path ''
2025-06-12 11:56:45.038 [main] INFO  s.d.s.web.plugins.DocumentationPluginsBootstrapper - Documentation plugins bootstrapped
2025-06-12 11:56:45.042 [main] INFO  s.d.s.web.plugins.DocumentationPluginsBootstrapper - Found 1 custom documentation plugin(s)
2025-06-12 11:56:45.074 [main] INFO  s.d.spring.web.scanners.ApiListingReferenceScanner - Scanning for api listing references
2025-06-12 11:56:45.210 [main] INFO  s.d.s.w.r.operation.CachingOperationNameGenerator - Generating unique operation named: pageUsingGET_1
2025-06-12 11:56:45.219 [main] INFO  s.d.s.w.r.operation.CachingOperationNameGenerator - Generating unique operation named: addUsingPOST_1
2025-06-12 11:56:45.220 [main] INFO  s.d.s.w.r.operation.CachingOperationNameGenerator - Generating unique operation named: deleteUsingPOST_1
2025-06-12 11:56:45.221 [main] INFO  s.d.s.w.r.operation.CachingOperationNameGenerator - Generating unique operation named: updateUsingPOST_1
2025-06-12 11:56:45.232 [main] INFO  s.d.s.w.r.operation.CachingOperationNameGenerator - Generating unique operation named: pageUsingGET_2
2025-06-12 11:56:45.234 [main] INFO  s.d.s.w.r.operation.CachingOperationNameGenerator - Generating unique operation named: getInfoUsingGET_1
2025-06-12 11:56:45.241 [main] INFO  s.d.s.w.r.operation.CachingOperationNameGenerator - Generating unique operation named: addUsingPOST_2
2025-06-12 11:56:45.242 [main] INFO  s.d.s.w.r.operation.CachingOperationNameGenerator - Generating unique operation named: updateUsingPOST_2
2025-06-12 11:56:45.246 [main] INFO  s.d.s.w.r.operation.CachingOperationNameGenerator - Generating unique operation named: getInfoUsingGET_2
2025-06-12 11:56:45.249 [main] INFO  s.d.s.w.r.operation.CachingOperationNameGenerator - Generating unique operation named: updateUsingPOST_3
2025-06-12 11:56:45.258 [main] INFO  s.d.s.w.r.operation.CachingOperationNameGenerator - Generating unique operation named: addUsingPOST_3
2025-06-12 11:56:45.259 [main] INFO  s.d.s.w.r.operation.CachingOperationNameGenerator - Generating unique operation named: deleteUsingPOST_2
2025-06-12 11:56:45.263 [main] INFO  s.d.s.w.r.operation.CachingOperationNameGenerator - Generating unique operation named: updateUsingPOST_4
2025-06-12 11:56:45.268 [main] INFO  s.d.s.w.r.operation.CachingOperationNameGenerator - Generating unique operation named: listUsingGET_1
2025-06-12 11:56:45.269 [main] INFO  s.d.s.w.r.operation.CachingOperationNameGenerator - Generating unique operation named: listUsingGET_2
2025-06-12 11:56:45.281 [main] INFO  s.d.s.w.r.operation.CachingOperationNameGenerator - Generating unique operation named: getInfoUsingGET_3
2025-06-12 11:56:45.290 [main] INFO  s.d.s.w.r.operation.CachingOperationNameGenerator - Generating unique operation named: getInfoUsingGET_4
2025-06-12 11:56:45.293 [main] INFO  s.d.s.w.r.operation.CachingOperationNameGenerator - Generating unique operation named: loginUsingPOST_1
2025-06-12 11:56:45.299 [main] INFO  s.d.s.w.r.operation.CachingOperationNameGenerator - Generating unique operation named: updateUsingPOST_5
2025-06-12 11:56:45.311 [main] INFO  com.kang.smdc.SmdcApplication - Started SmdcApplication in 5.122 seconds (JVM running for 6.613)
2025-06-12 11:58:11.302 [http-nio-8080-exec-1] INFO  o.a.c.core.ContainerBase.[Tomcat].[localhost].[/] - Initializing Spring DispatcherServlet 'dispatcherServlet'
2025-06-12 11:58:11.303 [http-nio-8080-exec-1] INFO  org.springframework.web.servlet.DispatcherServlet - Initializing Servlet 'dispatcherServlet'
2025-06-12 11:58:11.305 [http-nio-8080-exec-1] INFO  org.springframework.web.servlet.DispatcherServlet - Completed initialization in 2 ms
2025-06-12 11:58:11.381 [http-nio-8080-exec-1] INFO  com.kang.smdc.controller.mini.MiniUserController - 账号密码登录：username=test
2025-06-12 11:58:11.459 [http-nio-8080-exec-1] INFO  com.zaxxer.hikari.HikariDataSource - HikariPool-1 - Starting...
2025-06-12 11:58:11.612 [http-nio-8080-exec-1] INFO  com.zaxxer.hikari.HikariDataSource - HikariPool-1 - Start completed.
2025-06-12 11:58:21.264 [http-nio-8080-exec-3] INFO  com.kang.smdc.controller.mini.MiniShopController - 小程序获取店铺信息
2025-06-12 11:58:46.412 [http-nio-8080-exec-9] INFO  com.kang.smdc.controller.mini.MiniShopController - 小程序获取店铺信息
2025-06-12 11:58:50.537 [http-nio-8080-exec-1] INFO  com.kang.smdc.controller.mini.MiniShopController - 小程序获取店铺信息
2025-06-12 12:01:27.879 [main] INFO  com.kang.smdc.SmdcApplication - Starting SmdcApplication using Java 1.8.0_271 on LAPTOP-4SK4LL6T with PID 8076 (D:\Documents\git_project\smdc\target\classes started by XK in D:\Documents\git_project\smdc)
2025-06-12 12:01:27.888 [main] DEBUG com.kang.smdc.SmdcApplication - Running with Spring Boot v2.6.13, Spring v5.3.23
2025-06-12 12:01:27.889 [main] INFO  com.kang.smdc.SmdcApplication - No active profile set, falling back to 1 default profile: "default"
2025-06-12 12:01:29.282 [main] INFO  o.s.boot.web.embedded.tomcat.TomcatWebServer - Tomcat initialized with port(s): 8080 (http)
2025-06-12 12:01:29.284 [main] INFO  org.apache.catalina.core.AprLifecycleListener - An older version [1.2.26] of the Apache Tomcat Native library is installed, while Tomcat recommends a minimum version of [1.2.30]
2025-06-12 12:01:29.284 [main] INFO  org.apache.catalina.core.AprLifecycleListener - Loaded Apache Tomcat Native library [1.2.26] using APR version [1.7.0].
2025-06-12 12:01:29.284 [main] INFO  org.apache.catalina.core.AprLifecycleListener - APR capabilities: IPv6 [true], sendfile [true], accept filters [false], random [true], UDS [true].
2025-06-12 12:01:29.284 [main] INFO  org.apache.catalina.core.AprLifecycleListener - APR/OpenSSL configuration: useAprConnector [false], useOpenSSL [true]
2025-06-12 12:01:29.288 [main] INFO  org.apache.catalina.core.AprLifecycleListener - OpenSSL successfully initialized [OpenSSL 1.1.1i  8 Dec 2020]
2025-06-12 12:01:29.295 [main] INFO  org.apache.catalina.core.StandardService - Starting service [Tomcat]
2025-06-12 12:01:29.295 [main] INFO  org.apache.catalina.core.StandardEngine - Starting Servlet engine: [Apache Tomcat/9.0.68]
2025-06-12 12:01:29.451 [main] INFO  o.a.c.core.ContainerBase.[Tomcat].[localhost].[/] - Initializing Spring embedded WebApplicationContext
2025-06-12 12:01:29.451 [main] INFO  o.s.b.w.s.c.ServletWebServerApplicationContext - Root WebApplicationContext: initialization completed in 1469 ms
2025-06-12 12:01:31.084 [main] INFO  s.d.s.w.WebMvcPropertySourcedRequestMappingHandlerMapping - Mapped URL path [/v2/api-docs] onto method [springfox.documentation.swagger2.web.Swagger2ControllerWebMvc#getDocumentation(String, HttpServletRequest)]
2025-06-12 12:01:31.326 [main] INFO  o.s.b.a.web.servlet.WelcomePageHandlerMapping - Adding welcome page: class path resource [static/index.html]
2025-06-12 12:01:31.343 [main] INFO  com.kang.smdc.config.WebMvcConfig - 开始进行静态资源映射...
2025-06-12 12:01:31.516 [main] INFO  o.s.boot.web.embedded.tomcat.TomcatWebServer - Tomcat started on port(s): 8080 (http) with context path ''
2025-06-12 12:01:31.517 [main] INFO  s.d.s.web.plugins.DocumentationPluginsBootstrapper - Documentation plugins bootstrapped
2025-06-12 12:01:31.520 [main] INFO  s.d.s.web.plugins.DocumentationPluginsBootstrapper - Found 1 custom documentation plugin(s)
2025-06-12 12:01:31.565 [main] INFO  s.d.spring.web.scanners.ApiListingReferenceScanner - Scanning for api listing references
2025-06-12 12:01:31.725 [main] INFO  s.d.s.w.r.operation.CachingOperationNameGenerator - Generating unique operation named: pageUsingGET_1
2025-06-12 12:01:31.736 [main] INFO  s.d.s.w.r.operation.CachingOperationNameGenerator - Generating unique operation named: addUsingPOST_1
2025-06-12 12:01:31.738 [main] INFO  s.d.s.w.r.operation.CachingOperationNameGenerator - Generating unique operation named: deleteUsingPOST_1
2025-06-12 12:01:31.741 [main] INFO  s.d.s.w.r.operation.CachingOperationNameGenerator - Generating unique operation named: updateUsingPOST_1
2025-06-12 12:01:31.755 [main] INFO  s.d.s.w.r.operation.CachingOperationNameGenerator - Generating unique operation named: pageUsingGET_2
2025-06-12 12:01:31.759 [main] INFO  s.d.s.w.r.operation.CachingOperationNameGenerator - Generating unique operation named: getInfoUsingGET_1
2025-06-12 12:01:31.768 [main] INFO  s.d.s.w.r.operation.CachingOperationNameGenerator - Generating unique operation named: addUsingPOST_2
2025-06-12 12:01:31.770 [main] INFO  s.d.s.w.r.operation.CachingOperationNameGenerator - Generating unique operation named: updateUsingPOST_2
2025-06-12 12:01:31.791 [main] INFO  s.d.s.w.r.operation.CachingOperationNameGenerator - Generating unique operation named: getInfoUsingGET_2
2025-06-12 12:01:31.797 [main] INFO  s.d.s.w.r.operation.CachingOperationNameGenerator - Generating unique operation named: updateUsingPOST_3
2025-06-12 12:01:31.808 [main] INFO  s.d.s.w.r.operation.CachingOperationNameGenerator - Generating unique operation named: addUsingPOST_3
2025-06-12 12:01:31.810 [main] INFO  s.d.s.w.r.operation.CachingOperationNameGenerator - Generating unique operation named: deleteUsingPOST_2
2025-06-12 12:01:31.815 [main] INFO  s.d.s.w.r.operation.CachingOperationNameGenerator - Generating unique operation named: updateUsingPOST_4
2025-06-12 12:01:31.819 [main] INFO  s.d.s.w.r.operation.CachingOperationNameGenerator - Generating unique operation named: listUsingGET_1
2025-06-12 12:01:31.821 [main] INFO  s.d.s.w.r.operation.CachingOperationNameGenerator - Generating unique operation named: listUsingGET_2
2025-06-12 12:01:31.839 [main] INFO  s.d.s.w.r.operation.CachingOperationNameGenerator - Generating unique operation named: getInfoUsingGET_3
2025-06-12 12:01:31.849 [main] INFO  s.d.s.w.r.operation.CachingOperationNameGenerator - Generating unique operation named: getInfoUsingGET_4
2025-06-12 12:01:31.854 [main] INFO  s.d.s.w.r.operation.CachingOperationNameGenerator - Generating unique operation named: loginUsingPOST_1
2025-06-12 12:01:31.862 [main] INFO  s.d.s.w.r.operation.CachingOperationNameGenerator - Generating unique operation named: updateUsingPOST_5
2025-06-12 12:01:31.877 [main] INFO  com.kang.smdc.SmdcApplication - Started SmdcApplication in 4.705 seconds (JVM running for 5.701)
2025-06-12 12:18:15.566 [http-nio-8080-exec-2] INFO  o.a.c.core.ContainerBase.[Tomcat].[localhost].[/] - Initializing Spring DispatcherServlet 'dispatcherServlet'
2025-06-12 12:18:15.568 [http-nio-8080-exec-2] INFO  org.springframework.web.servlet.DispatcherServlet - Initializing Servlet 'dispatcherServlet'
2025-06-12 12:18:15.569 [http-nio-8080-exec-2] INFO  org.springframework.web.servlet.DispatcherServlet - Completed initialization in 1 ms
2025-06-12 12:18:15.658 [http-nio-8080-exec-2] INFO  com.kang.smdc.controller.mini.MiniUserController - 账号密码登录：username=test
2025-06-12 12:18:15.747 [http-nio-8080-exec-2] INFO  com.zaxxer.hikari.HikariDataSource - HikariPool-1 - Starting...
2025-06-12 12:18:15.903 [http-nio-8080-exec-2] INFO  com.zaxxer.hikari.HikariDataSource - HikariPool-1 - Start completed.
2025-06-12 12:18:27.035 [http-nio-8080-exec-1] INFO  com.kang.smdc.controller.mini.MiniShopController - 小程序获取店铺信息
2025-06-12 12:19:14.711 [http-nio-8080-exec-7] INFO  com.kang.smdc.controller.mini.MiniShopController - 小程序获取店铺信息
2025-06-12 12:20:01.153 [http-nio-8080-exec-4] INFO  com.kang.smdc.controller.mini.MiniShopController - 小程序获取店铺信息
2025-06-12 12:33:07.416 [http-nio-8080-exec-6] INFO  com.kang.smdc.controller.mini.MiniShopController - 小程序获取店铺信息
2025-06-12 12:33:25.309 [http-nio-8080-exec-7] INFO  com.kang.smdc.controller.mini.MiniShopController - 小程序获取店铺信息
2025-06-12 12:34:39.610 [http-nio-8080-exec-9] INFO  com.kang.smdc.controller.mini.MiniShopController - 小程序获取店铺信息
2025-06-12 12:36:55.765 [http-nio-8080-exec-2] INFO  com.kang.smdc.controller.mini.MiniShopController - 小程序获取店铺信息
2025-06-12 13:42:31.466 [http-nio-8080-exec-1] INFO  com.kang.smdc.controller.mini.MiniShopController - 小程序获取店铺信息
2025-06-12 14:08:14.367 [main] INFO  com.kang.smdc.SmdcApplication - Starting SmdcApplication using Java 1.8.0_271 on LAPTOP-4SK4LL6T with PID 38928 (D:\Documents\git_project\smdc\target\classes started by XK in D:\Documents\git_project\smdc)
2025-06-12 14:08:14.371 [main] DEBUG com.kang.smdc.SmdcApplication - Running with Spring Boot v2.6.13, Spring v5.3.23
2025-06-12 14:08:14.372 [main] INFO  com.kang.smdc.SmdcApplication - No active profile set, falling back to 1 default profile: "default"
2025-06-12 14:08:16.188 [main] INFO  o.s.boot.web.embedded.tomcat.TomcatWebServer - Tomcat initialized with port(s): 8080 (http)
2025-06-12 14:08:16.189 [main] INFO  org.apache.catalina.core.AprLifecycleListener - An older version [1.2.26] of the Apache Tomcat Native library is installed, while Tomcat recommends a minimum version of [1.2.30]
2025-06-12 14:08:16.190 [main] INFO  org.apache.catalina.core.AprLifecycleListener - Loaded Apache Tomcat Native library [1.2.26] using APR version [1.7.0].
2025-06-12 14:08:16.190 [main] INFO  org.apache.catalina.core.AprLifecycleListener - APR capabilities: IPv6 [true], sendfile [true], accept filters [false], random [true], UDS [true].
2025-06-12 14:08:16.190 [main] INFO  org.apache.catalina.core.AprLifecycleListener - APR/OpenSSL configuration: useAprConnector [false], useOpenSSL [true]
2025-06-12 14:08:16.195 [main] INFO  org.apache.catalina.core.AprLifecycleListener - OpenSSL successfully initialized [OpenSSL 1.1.1i  8 Dec 2020]
2025-06-12 14:08:16.204 [main] INFO  org.apache.catalina.core.StandardService - Starting service [Tomcat]
2025-06-12 14:08:16.204 [main] INFO  org.apache.catalina.core.StandardEngine - Starting Servlet engine: [Apache Tomcat/9.0.68]
2025-06-12 14:08:16.517 [main] INFO  o.a.c.core.ContainerBase.[Tomcat].[localhost].[/] - Initializing Spring embedded WebApplicationContext
2025-06-12 14:08:16.518 [main] INFO  o.s.b.w.s.c.ServletWebServerApplicationContext - Root WebApplicationContext: initialization completed in 2086 ms
2025-06-12 14:08:18.721 [main] INFO  s.d.s.w.WebMvcPropertySourcedRequestMappingHandlerMapping - Mapped URL path [/v2/api-docs] onto method [springfox.documentation.swagger2.web.Swagger2ControllerWebMvc#getDocumentation(String, HttpServletRequest)]
2025-06-12 14:08:19.029 [main] INFO  o.s.b.a.web.servlet.WelcomePageHandlerMapping - Adding welcome page: class path resource [static/index.html]
2025-06-12 14:08:19.054 [main] INFO  com.kang.smdc.config.WebMvcConfig - 开始进行静态资源映射...
2025-06-12 14:08:19.230 [main] INFO  o.s.boot.web.embedded.tomcat.TomcatWebServer - Tomcat started on port(s): 8080 (http) with context path ''
2025-06-12 14:08:19.232 [main] INFO  s.d.s.web.plugins.DocumentationPluginsBootstrapper - Documentation plugins bootstrapped
2025-06-12 14:08:19.235 [main] INFO  s.d.s.web.plugins.DocumentationPluginsBootstrapper - Found 1 custom documentation plugin(s)
2025-06-12 14:08:19.278 [main] INFO  s.d.spring.web.scanners.ApiListingReferenceScanner - Scanning for api listing references
2025-06-12 14:08:19.441 [main] INFO  s.d.s.w.r.operation.CachingOperationNameGenerator - Generating unique operation named: pageUsingGET_1
2025-06-12 14:08:19.453 [main] INFO  s.d.s.w.r.operation.CachingOperationNameGenerator - Generating unique operation named: addUsingPOST_1
2025-06-12 14:08:19.455 [main] INFO  s.d.s.w.r.operation.CachingOperationNameGenerator - Generating unique operation named: deleteUsingPOST_1
2025-06-12 14:08:19.457 [main] INFO  s.d.s.w.r.operation.CachingOperationNameGenerator - Generating unique operation named: updateUsingPOST_1
2025-06-12 14:08:19.472 [main] INFO  s.d.s.w.r.operation.CachingOperationNameGenerator - Generating unique operation named: pageUsingGET_2
2025-06-12 14:08:19.476 [main] INFO  s.d.s.w.r.operation.CachingOperationNameGenerator - Generating unique operation named: getInfoUsingGET_1
2025-06-12 14:08:19.483 [main] INFO  s.d.s.w.r.operation.CachingOperationNameGenerator - Generating unique operation named: addUsingPOST_2
2025-06-12 14:08:19.484 [main] INFO  s.d.s.w.r.operation.CachingOperationNameGenerator - Generating unique operation named: updateUsingPOST_2
2025-06-12 14:08:19.489 [main] INFO  s.d.s.w.r.operation.CachingOperationNameGenerator - Generating unique operation named: getInfoUsingGET_2
2025-06-12 14:08:19.492 [main] INFO  s.d.s.w.r.operation.CachingOperationNameGenerator - Generating unique operation named: updateUsingPOST_3
2025-06-12 14:08:19.505 [main] INFO  s.d.s.w.r.operation.CachingOperationNameGenerator - Generating unique operation named: addUsingPOST_3
2025-06-12 14:08:19.507 [main] INFO  s.d.s.w.r.operation.CachingOperationNameGenerator - Generating unique operation named: deleteUsingPOST_2
2025-06-12 14:08:19.509 [main] INFO  s.d.s.w.r.operation.CachingOperationNameGenerator - Generating unique operation named: updateUsingPOST_4
2025-06-12 14:08:19.517 [main] INFO  s.d.s.w.r.operation.CachingOperationNameGenerator - Generating unique operation named: listUsingGET_1
2025-06-12 14:08:19.520 [main] INFO  s.d.s.w.r.operation.CachingOperationNameGenerator - Generating unique operation named: listUsingGET_2
2025-06-12 14:08:19.536 [main] INFO  s.d.s.w.r.operation.CachingOperationNameGenerator - Generating unique operation named: getInfoUsingGET_3
2025-06-12 14:08:19.546 [main] INFO  s.d.s.w.r.operation.CachingOperationNameGenerator - Generating unique operation named: getInfoUsingGET_4
2025-06-12 14:08:19.550 [main] INFO  s.d.s.w.r.operation.CachingOperationNameGenerator - Generating unique operation named: loginUsingPOST_1
2025-06-12 14:08:19.556 [main] INFO  s.d.s.w.r.operation.CachingOperationNameGenerator - Generating unique operation named: updateUsingPOST_5
2025-06-12 14:08:19.572 [main] INFO  com.kang.smdc.SmdcApplication - Started SmdcApplication in 5.854 seconds (JVM running for 7.524)
2025-06-12 14:09:11.618 [http-nio-8080-exec-1] INFO  o.a.c.core.ContainerBase.[Tomcat].[localhost].[/] - Initializing Spring DispatcherServlet 'dispatcherServlet'
2025-06-12 14:09:11.618 [http-nio-8080-exec-1] INFO  org.springframework.web.servlet.DispatcherServlet - Initializing Servlet 'dispatcherServlet'
2025-06-12 14:09:11.620 [http-nio-8080-exec-1] INFO  org.springframework.web.servlet.DispatcherServlet - Completed initialization in 2 ms
2025-06-12 14:09:11.706 [http-nio-8080-exec-1] INFO  com.kang.smdc.controller.mini.MiniUserController - 账号密码登录：username=test
2025-06-12 14:09:11.794 [http-nio-8080-exec-1] INFO  com.zaxxer.hikari.HikariDataSource - HikariPool-1 - Starting...
2025-06-12 14:09:11.959 [http-nio-8080-exec-1] INFO  com.zaxxer.hikari.HikariDataSource - HikariPool-1 - Start completed.
2025-06-12 14:09:32.578 [http-nio-8080-exec-4] INFO  com.kang.smdc.controller.mini.MiniShopController - 小程序获取店铺信息
2025-06-12 14:09:37.327 [http-nio-8080-exec-8] INFO  com.kang.smdc.controller.mini.MiniShopController - 小程序获取店铺信息
2025-06-12 14:40:36.957 [main] INFO  com.kang.smdc.SmdcApplication - Starting SmdcApplication using Java 1.8.0_271 on LAPTOP-4SK4LL6T with PID 26024 (D:\Documents\git_project\smdc\target\classes started by XK in D:\Documents\git_project\smdc)
2025-06-12 14:40:36.972 [main] DEBUG com.kang.smdc.SmdcApplication - Running with Spring Boot v2.6.13, Spring v5.3.23
2025-06-12 14:40:36.974 [main] INFO  com.kang.smdc.SmdcApplication - No active profile set, falling back to 1 default profile: "default"
2025-06-12 14:40:40.882 [main] INFO  o.s.boot.web.embedded.tomcat.TomcatWebServer - Tomcat initialized with port(s): 8080 (http)
2025-06-12 14:40:40.885 [main] INFO  org.apache.catalina.core.AprLifecycleListener - An older version [1.2.26] of the Apache Tomcat Native library is installed, while Tomcat recommends a minimum version of [1.2.30]
2025-06-12 14:40:40.886 [main] INFO  org.apache.catalina.core.AprLifecycleListener - Loaded Apache Tomcat Native library [1.2.26] using APR version [1.7.0].
2025-06-12 14:40:40.886 [main] INFO  org.apache.catalina.core.AprLifecycleListener - APR capabilities: IPv6 [true], sendfile [true], accept filters [false], random [true], UDS [true].
2025-06-12 14:40:40.886 [main] INFO  org.apache.catalina.core.AprLifecycleListener - APR/OpenSSL configuration: useAprConnector [false], useOpenSSL [true]
2025-06-12 14:40:40.910 [main] INFO  org.apache.catalina.core.AprLifecycleListener - OpenSSL successfully initialized [OpenSSL 1.1.1i  8 Dec 2020]
2025-06-12 14:40:40.940 [main] INFO  org.apache.catalina.core.StandardService - Starting service [Tomcat]
2025-06-12 14:40:40.941 [main] INFO  org.apache.catalina.core.StandardEngine - Starting Servlet engine: [Apache Tomcat/9.0.68]
2025-06-12 14:40:41.597 [main] INFO  o.a.c.core.ContainerBase.[Tomcat].[localhost].[/] - Initializing Spring embedded WebApplicationContext
2025-06-12 14:40:41.598 [main] INFO  o.s.b.w.s.c.ServletWebServerApplicationContext - Root WebApplicationContext: initialization completed in 4512 ms
2025-06-12 14:40:45.211 [main] INFO  s.d.s.w.WebMvcPropertySourcedRequestMappingHandlerMapping - Mapped URL path [/v2/api-docs] onto method [springfox.documentation.swagger2.web.Swagger2ControllerWebMvc#getDocumentation(String, HttpServletRequest)]
2025-06-12 14:40:45.659 [main] INFO  o.s.b.a.web.servlet.WelcomePageHandlerMapping - Adding welcome page: class path resource [static/index.html]
2025-06-12 14:40:45.702 [main] INFO  com.kang.smdc.config.WebMvcConfig - 开始进行静态资源映射...
2025-06-12 14:40:45.996 [main] INFO  o.s.boot.web.embedded.tomcat.TomcatWebServer - Tomcat started on port(s): 8080 (http) with context path ''
2025-06-12 14:40:45.998 [main] INFO  s.d.s.web.plugins.DocumentationPluginsBootstrapper - Documentation plugins bootstrapped
2025-06-12 14:40:46.002 [main] INFO  s.d.s.web.plugins.DocumentationPluginsBootstrapper - Found 1 custom documentation plugin(s)
2025-06-12 14:40:46.054 [main] INFO  s.d.spring.web.scanners.ApiListingReferenceScanner - Scanning for api listing references
2025-06-12 14:40:46.256 [main] INFO  s.d.s.w.r.operation.CachingOperationNameGenerator - Generating unique operation named: pageUsingGET_1
2025-06-12 14:40:46.270 [main] INFO  s.d.s.w.r.operation.CachingOperationNameGenerator - Generating unique operation named: addUsingPOST_1
2025-06-12 14:40:46.272 [main] INFO  s.d.s.w.r.operation.CachingOperationNameGenerator - Generating unique operation named: deleteUsingPOST_1
2025-06-12 14:40:46.275 [main] INFO  s.d.s.w.r.operation.CachingOperationNameGenerator - Generating unique operation named: updateUsingPOST_1
2025-06-12 14:40:46.295 [main] INFO  s.d.s.w.r.operation.CachingOperationNameGenerator - Generating unique operation named: pageUsingGET_2
2025-06-12 14:40:46.300 [main] INFO  s.d.s.w.r.operation.CachingOperationNameGenerator - Generating unique operation named: getInfoUsingGET_1
2025-06-12 14:40:46.307 [main] INFO  s.d.s.w.r.operation.CachingOperationNameGenerator - Generating unique operation named: addUsingPOST_2
2025-06-12 14:40:46.310 [main] INFO  s.d.s.w.r.operation.CachingOperationNameGenerator - Generating unique operation named: updateUsingPOST_2
2025-06-12 14:40:46.316 [main] INFO  s.d.s.w.r.operation.CachingOperationNameGenerator - Generating unique operation named: getInfoUsingGET_2
2025-06-12 14:40:46.319 [main] INFO  s.d.s.w.r.operation.CachingOperationNameGenerator - Generating unique operation named: updateUsingPOST_3
2025-06-12 14:40:46.331 [main] INFO  s.d.s.w.r.operation.CachingOperationNameGenerator - Generating unique operation named: addUsingPOST_3
2025-06-12 14:40:46.333 [main] INFO  s.d.s.w.r.operation.CachingOperationNameGenerator - Generating unique operation named: deleteUsingPOST_2
2025-06-12 14:40:46.337 [main] INFO  s.d.s.w.r.operation.CachingOperationNameGenerator - Generating unique operation named: updateUsingPOST_4
2025-06-12 14:40:46.345 [main] INFO  s.d.s.w.r.operation.CachingOperationNameGenerator - Generating unique operation named: listUsingGET_1
2025-06-12 14:40:46.347 [main] INFO  s.d.s.w.r.operation.CachingOperationNameGenerator - Generating unique operation named: listUsingGET_2
2025-06-12 14:40:46.362 [main] INFO  s.d.s.w.r.operation.CachingOperationNameGenerator - Generating unique operation named: getInfoUsingGET_3
2025-06-12 14:40:46.374 [main] INFO  s.d.s.w.r.operation.CachingOperationNameGenerator - Generating unique operation named: getInfoUsingGET_4
2025-06-12 14:40:46.378 [main] INFO  s.d.s.w.r.operation.CachingOperationNameGenerator - Generating unique operation named: loginUsingPOST_1
2025-06-12 14:40:46.383 [main] INFO  s.d.s.w.r.operation.CachingOperationNameGenerator - Generating unique operation named: updateUsingPOST_5
2025-06-12 14:40:46.403 [main] INFO  com.kang.smdc.SmdcApplication - Started SmdcApplication in 11.017 seconds (JVM running for 14.418)
2025-06-12 14:46:34.693 [http-nio-8080-exec-3] INFO  o.a.c.core.ContainerBase.[Tomcat].[localhost].[/] - Initializing Spring DispatcherServlet 'dispatcherServlet'
2025-06-12 14:46:34.694 [http-nio-8080-exec-3] INFO  org.springframework.web.servlet.DispatcherServlet - Initializing Servlet 'dispatcherServlet'
2025-06-12 14:46:34.699 [http-nio-8080-exec-3] INFO  org.springframework.web.servlet.DispatcherServlet - Completed initialization in 5 ms
2025-06-12 14:46:34.877 [http-nio-8080-exec-3] INFO  com.kang.smdc.controller.mini.MiniUserController - 账号密码登录：username=test
2025-06-12 14:46:35.039 [http-nio-8080-exec-3] INFO  com.zaxxer.hikari.HikariDataSource - HikariPool-1 - Starting...
2025-06-12 14:46:35.361 [http-nio-8080-exec-3] INFO  com.zaxxer.hikari.HikariDataSource - HikariPool-1 - Start completed.
2025-06-12 14:46:41.342 [http-nio-8080-exec-6] INFO  com.kang.smdc.controller.mini.MiniShopController - 小程序获取店铺信息
2025-06-12 14:47:21.971 [http-nio-8080-exec-1] INFO  com.kang.smdc.controller.mini.MiniShopController - 小程序获取店铺信息
2025-06-12 15:23:21.278 [main] INFO  com.kang.smdc.SmdcApplication - Starting SmdcApplication using Java 1.8.0_271 on LAPTOP-4SK4LL6T with PID 27308 (D:\Documents\git_project\smdc\target\classes started by XK in D:\Documents\git_project\smdc)
2025-06-12 15:23:21.282 [main] DEBUG com.kang.smdc.SmdcApplication - Running with Spring Boot v2.6.13, Spring v5.3.23
2025-06-12 15:23:21.282 [main] INFO  com.kang.smdc.SmdcApplication - No active profile set, falling back to 1 default profile: "default"
2025-06-12 15:23:23.250 [main] INFO  o.s.boot.web.embedded.tomcat.TomcatWebServer - Tomcat initialized with port(s): 8080 (http)
2025-06-12 15:23:23.252 [main] INFO  org.apache.catalina.core.AprLifecycleListener - An older version [1.2.26] of the Apache Tomcat Native library is installed, while Tomcat recommends a minimum version of [1.2.30]
2025-06-12 15:23:23.252 [main] INFO  org.apache.catalina.core.AprLifecycleListener - Loaded Apache Tomcat Native library [1.2.26] using APR version [1.7.0].
2025-06-12 15:23:23.253 [main] INFO  org.apache.catalina.core.AprLifecycleListener - APR capabilities: IPv6 [true], sendfile [true], accept filters [false], random [true], UDS [true].
2025-06-12 15:23:23.253 [main] INFO  org.apache.catalina.core.AprLifecycleListener - APR/OpenSSL configuration: useAprConnector [false], useOpenSSL [true]
2025-06-12 15:23:23.256 [main] INFO  org.apache.catalina.core.AprLifecycleListener - OpenSSL successfully initialized [OpenSSL 1.1.1i  8 Dec 2020]
2025-06-12 15:23:23.264 [main] INFO  org.apache.catalina.core.StandardService - Starting service [Tomcat]
2025-06-12 15:23:23.266 [main] INFO  org.apache.catalina.core.StandardEngine - Starting Servlet engine: [Apache Tomcat/9.0.68]
2025-06-12 15:23:23.500 [main] INFO  o.a.c.core.ContainerBase.[Tomcat].[localhost].[/] - Initializing Spring embedded WebApplicationContext
2025-06-12 15:23:23.500 [main] INFO  o.s.b.w.s.c.ServletWebServerApplicationContext - Root WebApplicationContext: initialization completed in 2166 ms
2025-06-12 15:23:26.092 [main] INFO  s.d.s.w.WebMvcPropertySourcedRequestMappingHandlerMapping - Mapped URL path [/v2/api-docs] onto method [springfox.documentation.swagger2.web.Swagger2ControllerWebMvc#getDocumentation(String, HttpServletRequest)]
2025-06-12 15:23:26.509 [main] INFO  o.s.b.a.web.servlet.WelcomePageHandlerMapping - Adding welcome page: class path resource [static/index.html]
2025-06-12 15:23:26.550 [main] INFO  com.kang.smdc.config.WebMvcConfig - 开始进行静态资源映射...
2025-06-12 15:23:26.857 [main] INFO  o.s.boot.web.embedded.tomcat.TomcatWebServer - Tomcat started on port(s): 8080 (http) with context path ''
2025-06-12 15:23:26.862 [main] INFO  s.d.s.web.plugins.DocumentationPluginsBootstrapper - Documentation plugins bootstrapped
2025-06-12 15:23:26.869 [main] INFO  s.d.s.web.plugins.DocumentationPluginsBootstrapper - Found 1 custom documentation plugin(s)
2025-06-12 15:23:26.922 [main] INFO  s.d.spring.web.scanners.ApiListingReferenceScanner - Scanning for api listing references
2025-06-12 15:23:27.144 [main] INFO  s.d.s.w.r.operation.CachingOperationNameGenerator - Generating unique operation named: pageUsingGET_1
2025-06-12 15:23:27.161 [main] INFO  s.d.s.w.r.operation.CachingOperationNameGenerator - Generating unique operation named: addUsingPOST_1
2025-06-12 15:23:27.162 [main] INFO  s.d.s.w.r.operation.CachingOperationNameGenerator - Generating unique operation named: deleteUsingPOST_1
2025-06-12 15:23:27.165 [main] INFO  s.d.s.w.r.operation.CachingOperationNameGenerator - Generating unique operation named: updateUsingPOST_1
2025-06-12 15:23:27.184 [main] INFO  s.d.s.w.r.operation.CachingOperationNameGenerator - Generating unique operation named: pageUsingGET_2
2025-06-12 15:23:27.189 [main] INFO  s.d.s.w.r.operation.CachingOperationNameGenerator - Generating unique operation named: getInfoUsingGET_1
2025-06-12 15:23:27.197 [main] INFO  s.d.s.w.r.operation.CachingOperationNameGenerator - Generating unique operation named: addUsingPOST_2
2025-06-12 15:23:27.200 [main] INFO  s.d.s.w.r.operation.CachingOperationNameGenerator - Generating unique operation named: updateUsingPOST_2
2025-06-12 15:23:27.210 [main] INFO  s.d.s.w.r.operation.CachingOperationNameGenerator - Generating unique operation named: getInfoUsingGET_2
2025-06-12 15:23:27.220 [main] INFO  s.d.s.w.r.operation.CachingOperationNameGenerator - Generating unique operation named: updateUsingPOST_3
2025-06-12 15:23:27.238 [main] INFO  s.d.s.w.r.operation.CachingOperationNameGenerator - Generating unique operation named: addUsingPOST_3
2025-06-12 15:23:27.240 [main] INFO  s.d.s.w.r.operation.CachingOperationNameGenerator - Generating unique operation named: deleteUsingPOST_2
2025-06-12 15:23:27.248 [main] INFO  s.d.s.w.r.operation.CachingOperationNameGenerator - Generating unique operation named: updateUsingPOST_4
2025-06-12 15:23:27.261 [main] INFO  s.d.s.w.r.operation.CachingOperationNameGenerator - Generating unique operation named: listUsingGET_1
2025-06-12 15:23:27.265 [main] INFO  s.d.s.w.r.operation.CachingOperationNameGenerator - Generating unique operation named: listUsingGET_2
2025-06-12 15:23:27.290 [main] INFO  s.d.s.w.r.operation.CachingOperationNameGenerator - Generating unique operation named: getInfoUsingGET_3
2025-06-12 15:23:27.304 [main] INFO  s.d.s.w.r.operation.CachingOperationNameGenerator - Generating unique operation named: getInfoUsingGET_4
2025-06-12 15:23:27.314 [main] INFO  s.d.s.w.r.operation.CachingOperationNameGenerator - Generating unique operation named: loginUsingPOST_1
2025-06-12 15:23:27.327 [main] INFO  s.d.s.w.r.operation.CachingOperationNameGenerator - Generating unique operation named: updateUsingPOST_5
2025-06-12 15:23:27.360 [main] INFO  com.kang.smdc.SmdcApplication - Started SmdcApplication in 6.949 seconds (JVM running for 8.564)
2025-06-12 15:24:02.033 [http-nio-8080-exec-1] INFO  o.a.c.core.ContainerBase.[Tomcat].[localhost].[/] - Initializing Spring DispatcherServlet 'dispatcherServlet'
2025-06-12 15:24:02.033 [http-nio-8080-exec-1] INFO  org.springframework.web.servlet.DispatcherServlet - Initializing Servlet 'dispatcherServlet'
2025-06-12 15:24:02.037 [http-nio-8080-exec-1] INFO  org.springframework.web.servlet.DispatcherServlet - Completed initialization in 4 ms
2025-06-12 15:24:02.105 [http-nio-8080-exec-1] INFO  com.kang.smdc.controller.mini.MiniUserController - 账号密码登录：username=test
2025-06-12 15:24:02.173 [http-nio-8080-exec-1] INFO  com.zaxxer.hikari.HikariDataSource - HikariPool-1 - Starting...
2025-06-12 15:24:02.298 [http-nio-8080-exec-1] INFO  com.zaxxer.hikari.HikariDataSource - HikariPool-1 - Start completed.
2025-06-12 15:25:03.188 [http-nio-8080-exec-5] INFO  com.kang.smdc.controller.mini.MiniUserController - 账号密码登录：username=test
2025-06-12 15:29:32.296 [HikariPool-1 housekeeper] WARN  com.zaxxer.hikari.pool.HikariPool - HikariPool-1 - Thread starvation or clock leap detected (housekeeper delta=4m29s866ms916µs).
2025-06-12 15:45:05.029 [http-nio-8080-exec-6] INFO  com.kang.smdc.controller.mini.MiniShopController - 小程序获取店铺信息
2025-06-12 16:14:05.723 [http-nio-8080-exec-3] INFO  com.kang.smdc.controller.mini.MiniUserController - 账号密码登录：username=test
2025-06-12 16:16:08.070 [main] INFO  com.kang.smdc.SmdcApplication - Starting SmdcApplication using Java 1.8.0_271 on LAPTOP-4SK4LL6T with PID 18592 (D:\Documents\git_project\smdc\target\classes started by XK in D:\Documents\git_project\smdc)
2025-06-12 16:16:08.074 [main] DEBUG com.kang.smdc.SmdcApplication - Running with Spring Boot v2.6.13, Spring v5.3.23
2025-06-12 16:16:08.075 [main] INFO  com.kang.smdc.SmdcApplication - No active profile set, falling back to 1 default profile: "default"
2025-06-12 16:16:11.057 [main] INFO  o.s.boot.web.embedded.tomcat.TomcatWebServer - Tomcat initialized with port(s): 8080 (http)
2025-06-12 16:16:11.061 [main] INFO  org.apache.catalina.core.AprLifecycleListener - An older version [1.2.26] of the Apache Tomcat Native library is installed, while Tomcat recommends a minimum version of [1.2.30]
2025-06-12 16:16:11.063 [main] INFO  org.apache.catalina.core.AprLifecycleListener - Loaded Apache Tomcat Native library [1.2.26] using APR version [1.7.0].
2025-06-12 16:16:11.064 [main] INFO  org.apache.catalina.core.AprLifecycleListener - APR capabilities: IPv6 [true], sendfile [true], accept filters [false], random [true], UDS [true].
2025-06-12 16:16:11.064 [main] INFO  org.apache.catalina.core.AprLifecycleListener - APR/OpenSSL configuration: useAprConnector [false], useOpenSSL [true]
2025-06-12 16:16:11.073 [main] INFO  org.apache.catalina.core.AprLifecycleListener - OpenSSL successfully initialized [OpenSSL 1.1.1i  8 Dec 2020]
2025-06-12 16:16:11.112 [main] INFO  org.apache.catalina.core.StandardService - Starting service [Tomcat]
2025-06-12 16:16:11.113 [main] INFO  org.apache.catalina.core.StandardEngine - Starting Servlet engine: [Apache Tomcat/9.0.68]
2025-06-12 16:16:11.610 [main] INFO  o.a.c.core.ContainerBase.[Tomcat].[localhost].[/] - Initializing Spring embedded WebApplicationContext
2025-06-12 16:16:11.610 [main] INFO  o.s.b.w.s.c.ServletWebServerApplicationContext - Root WebApplicationContext: initialization completed in 3447 ms
2025-06-12 16:16:16.920 [main] INFO  s.d.s.w.WebMvcPropertySourcedRequestMappingHandlerMapping - Mapped URL path [/v2/api-docs] onto method [springfox.documentation.swagger2.web.Swagger2ControllerWebMvc#getDocumentation(String, HttpServletRequest)]
2025-06-12 16:16:17.690 [main] INFO  o.s.b.a.web.servlet.WelcomePageHandlerMapping - Adding welcome page: class path resource [static/index.html]
2025-06-12 16:16:17.736 [main] INFO  com.kang.smdc.config.WebMvcConfig - 开始进行静态资源映射...
2025-06-12 16:16:18.097 [main] INFO  o.s.boot.web.embedded.tomcat.TomcatWebServer - Tomcat started on port(s): 8080 (http) with context path ''
2025-06-12 16:16:18.101 [main] INFO  s.d.s.web.plugins.DocumentationPluginsBootstrapper - Documentation plugins bootstrapped
2025-06-12 16:16:18.109 [main] INFO  s.d.s.web.plugins.DocumentationPluginsBootstrapper - Found 1 custom documentation plugin(s)
2025-06-12 16:16:18.202 [main] INFO  s.d.spring.web.scanners.ApiListingReferenceScanner - Scanning for api listing references
2025-06-12 16:16:18.649 [main] INFO  s.d.s.w.r.operation.CachingOperationNameGenerator - Generating unique operation named: pageUsingGET_1
2025-06-12 16:16:18.671 [main] INFO  s.d.s.w.r.operation.CachingOperationNameGenerator - Generating unique operation named: addUsingPOST_1
2025-06-12 16:16:18.676 [main] INFO  s.d.s.w.r.operation.CachingOperationNameGenerator - Generating unique operation named: deleteUsingPOST_1
2025-06-12 16:16:18.678 [main] INFO  s.d.s.w.r.operation.CachingOperationNameGenerator - Generating unique operation named: updateUsingPOST_1
2025-06-12 16:16:18.707 [main] INFO  s.d.s.w.r.operation.CachingOperationNameGenerator - Generating unique operation named: pageUsingGET_2
2025-06-12 16:16:18.713 [main] INFO  s.d.s.w.r.operation.CachingOperationNameGenerator - Generating unique operation named: getInfoUsingGET_1
2025-06-12 16:16:18.725 [main] INFO  s.d.s.w.r.operation.CachingOperationNameGenerator - Generating unique operation named: addUsingPOST_2
2025-06-12 16:16:18.728 [main] INFO  s.d.s.w.r.operation.CachingOperationNameGenerator - Generating unique operation named: updateUsingPOST_2
2025-06-12 16:16:18.740 [main] INFO  s.d.s.w.r.operation.CachingOperationNameGenerator - Generating unique operation named: getInfoUsingGET_2
2025-06-12 16:16:18.749 [main] INFO  s.d.s.w.r.operation.CachingOperationNameGenerator - Generating unique operation named: updateUsingPOST_3
2025-06-12 16:16:18.764 [main] INFO  s.d.s.w.r.operation.CachingOperationNameGenerator - Generating unique operation named: addUsingPOST_3
2025-06-12 16:16:18.768 [main] INFO  s.d.s.w.r.operation.CachingOperationNameGenerator - Generating unique operation named: deleteUsingPOST_2
2025-06-12 16:16:18.774 [main] INFO  s.d.s.w.r.operation.CachingOperationNameGenerator - Generating unique operation named: updateUsingPOST_4
2025-06-12 16:16:18.779 [main] INFO  s.d.s.w.r.operation.CachingOperationNameGenerator - Generating unique operation named: listUsingGET_1
2025-06-12 16:16:18.788 [main] INFO  s.d.s.w.r.operation.CachingOperationNameGenerator - Generating unique operation named: listUsingGET_2
2025-06-12 16:16:18.827 [main] INFO  s.d.s.w.r.operation.CachingOperationNameGenerator - Generating unique operation named: getInfoUsingGET_3
2025-06-12 16:16:18.845 [main] INFO  s.d.s.w.r.operation.CachingOperationNameGenerator - Generating unique operation named: getInfoUsingGET_4
2025-06-12 16:16:18.854 [main] INFO  s.d.s.w.r.operation.CachingOperationNameGenerator - Generating unique operation named: loginUsingPOST_1
2025-06-12 16:16:18.869 [main] INFO  s.d.s.w.r.operation.CachingOperationNameGenerator - Generating unique operation named: updateUsingPOST_5
2025-06-12 16:16:18.904 [main] INFO  com.kang.smdc.SmdcApplication - Started SmdcApplication in 12.009 seconds (JVM running for 14.342)
2025-06-12 16:17:01.322 [http-nio-8080-exec-3] INFO  o.a.c.core.ContainerBase.[Tomcat].[localhost].[/] - Initializing Spring DispatcherServlet 'dispatcherServlet'
2025-06-12 16:17:01.322 [http-nio-8080-exec-3] INFO  org.springframework.web.servlet.DispatcherServlet - Initializing Servlet 'dispatcherServlet'
2025-06-12 16:17:01.324 [http-nio-8080-exec-3] INFO  org.springframework.web.servlet.DispatcherServlet - Completed initialization in 2 ms
2025-06-12 16:17:01.402 [http-nio-8080-exec-3] INFO  com.kang.smdc.controller.mini.MiniUserController - 账号密码登录：username=test
2025-06-12 16:17:01.471 [http-nio-8080-exec-3] INFO  com.zaxxer.hikari.HikariDataSource - HikariCP - Starting...
2025-06-12 16:17:01.619 [http-nio-8080-exec-3] INFO  com.zaxxer.hikari.HikariDataSource - HikariCP - Start completed.
2025-06-12 16:17:08.578 [http-nio-8080-exec-7] INFO  com.kang.smdc.controller.mini.MiniShopController - 小程序获取店铺信息
2025-06-12 16:18:09.657 [http-nio-8080-exec-9] INFO  com.kang.smdc.controller.mini.MiniShopController - 小程序获取店铺信息
2025-06-12 16:18:27.789 [http-nio-8080-exec-7] INFO  com.kang.smdc.controller.mini.MiniShopController - 小程序获取店铺信息
2025-06-12 16:23:09.974 [http-nio-8080-exec-7] INFO  com.kang.smdc.controller.mini.MiniUserController - 账号密码登录：username=test
2025-06-12 16:23:13.168 [http-nio-8080-exec-1] INFO  com.kang.smdc.controller.mini.MiniShopController - 小程序获取店铺信息
2025-06-12 16:23:43.340 [http-nio-8080-exec-6] INFO  com.kang.smdc.controller.mini.MiniShopController - 小程序获取店铺信息
2025-06-12 16:24:00.492 [http-nio-8080-exec-10] INFO  com.kang.smdc.controller.mini.MiniShopController - 小程序获取店铺信息
2025-06-12 16:42:43.149 [http-nio-8080-exec-4] INFO  com.kang.smdc.controller.mini.MiniUserController - 账号密码登录：username=test
2025-06-12 16:42:55.499 [http-nio-8080-exec-1] INFO  com.kang.smdc.controller.mini.MiniShopController - 小程序获取店铺信息
2025-06-12 16:47:59.610 [http-nio-8080-exec-5] INFO  com.kang.smdc.controller.mini.MiniUserController - 账号密码登录：username=test
2025-06-12 16:48:04.986 [http-nio-8080-exec-9] INFO  com.kang.smdc.controller.mini.MiniShopController - 小程序获取店铺信息
2025-06-12 16:48:12.598 [http-nio-8080-exec-3] INFO  com.kang.smdc.controller.mini.MiniShopController - 小程序获取店铺信息
2025-06-12 17:00:27.642 [main] INFO  com.kang.smdc.SmdcApplication - Starting SmdcApplication using Java 1.8.0_271 on LAPTOP-4SK4LL6T with PID 1496 (D:\Documents\git_project\smdc\target\classes started by XK in D:\Documents\git_project\smdc)
2025-06-12 17:00:27.646 [main] DEBUG com.kang.smdc.SmdcApplication - Running with Spring Boot v2.6.13, Spring v5.3.23
2025-06-12 17:00:27.647 [main] INFO  com.kang.smdc.SmdcApplication - No active profile set, falling back to 1 default profile: "default"
2025-06-12 17:00:30.143 [main] INFO  o.s.boot.web.embedded.tomcat.TomcatWebServer - Tomcat initialized with port(s): 8080 (http)
2025-06-12 17:00:30.145 [main] INFO  org.apache.catalina.core.AprLifecycleListener - An older version [1.2.26] of the Apache Tomcat Native library is installed, while Tomcat recommends a minimum version of [1.2.30]
2025-06-12 17:00:30.145 [main] INFO  org.apache.catalina.core.AprLifecycleListener - Loaded Apache Tomcat Native library [1.2.26] using APR version [1.7.0].
2025-06-12 17:00:30.145 [main] INFO  org.apache.catalina.core.AprLifecycleListener - APR capabilities: IPv6 [true], sendfile [true], accept filters [false], random [true], UDS [true].
2025-06-12 17:00:30.146 [main] INFO  org.apache.catalina.core.AprLifecycleListener - APR/OpenSSL configuration: useAprConnector [false], useOpenSSL [true]
2025-06-12 17:00:30.151 [main] INFO  org.apache.catalina.core.AprLifecycleListener - OpenSSL successfully initialized [OpenSSL 1.1.1i  8 Dec 2020]
2025-06-12 17:00:30.164 [main] INFO  org.apache.catalina.core.StandardService - Starting service [Tomcat]
2025-06-12 17:00:30.164 [main] INFO  org.apache.catalina.core.StandardEngine - Starting Servlet engine: [Apache Tomcat/9.0.68]
2025-06-12 17:00:30.455 [main] INFO  o.a.c.core.ContainerBase.[Tomcat].[localhost].[/] - Initializing Spring embedded WebApplicationContext
2025-06-12 17:00:30.455 [main] INFO  o.s.b.w.s.c.ServletWebServerApplicationContext - Root WebApplicationContext: initialization completed in 2744 ms
2025-06-12 17:00:34.242 [main] INFO  s.d.s.w.WebMvcPropertySourcedRequestMappingHandlerMapping - Mapped URL path [/v2/api-docs] onto method [springfox.documentation.swagger2.web.Swagger2ControllerWebMvc#getDocumentation(String, HttpServletRequest)]
2025-06-12 17:00:34.608 [main] INFO  o.s.b.a.web.servlet.WelcomePageHandlerMapping - Adding welcome page: class path resource [static/index.html]
2025-06-12 17:00:34.634 [main] INFO  com.kang.smdc.config.WebMvcConfig - 开始进行静态资源映射...
2025-06-12 17:00:34.865 [main] INFO  o.s.boot.web.embedded.tomcat.TomcatWebServer - Tomcat started on port(s): 8080 (http) with context path ''
2025-06-12 17:00:34.866 [main] INFO  s.d.s.web.plugins.DocumentationPluginsBootstrapper - Documentation plugins bootstrapped
2025-06-12 17:00:34.886 [main] INFO  s.d.s.web.plugins.DocumentationPluginsBootstrapper - Found 1 custom documentation plugin(s)
2025-06-12 17:00:34.958 [main] INFO  s.d.spring.web.scanners.ApiListingReferenceScanner - Scanning for api listing references
2025-06-12 17:00:35.181 [main] INFO  s.d.s.w.r.operation.CachingOperationNameGenerator - Generating unique operation named: pageUsingGET_1
2025-06-12 17:00:35.195 [main] INFO  s.d.s.w.r.operation.CachingOperationNameGenerator - Generating unique operation named: addUsingPOST_1
2025-06-12 17:00:35.198 [main] INFO  s.d.s.w.r.operation.CachingOperationNameGenerator - Generating unique operation named: deleteUsingPOST_1
2025-06-12 17:00:35.201 [main] INFO  s.d.s.w.r.operation.CachingOperationNameGenerator - Generating unique operation named: updateUsingPOST_1
2025-06-12 17:00:35.225 [main] INFO  s.d.s.w.r.operation.CachingOperationNameGenerator - Generating unique operation named: pageUsingGET_2
2025-06-12 17:00:35.229 [main] INFO  s.d.s.w.r.operation.CachingOperationNameGenerator - Generating unique operation named: getInfoUsingGET_1
2025-06-12 17:00:35.236 [main] INFO  s.d.s.w.r.operation.CachingOperationNameGenerator - Generating unique operation named: addUsingPOST_2
2025-06-12 17:00:35.242 [main] INFO  s.d.s.w.r.operation.CachingOperationNameGenerator - Generating unique operation named: updateUsingPOST_2
2025-06-12 17:00:35.248 [main] INFO  s.d.s.w.r.operation.CachingOperationNameGenerator - Generating unique operation named: getInfoUsingGET_2
2025-06-12 17:00:35.252 [main] INFO  s.d.s.w.r.operation.CachingOperationNameGenerator - Generating unique operation named: updateUsingPOST_3
2025-06-12 17:00:35.270 [main] INFO  s.d.s.w.r.operation.CachingOperationNameGenerator - Generating unique operation named: addUsingPOST_3
2025-06-12 17:00:35.273 [main] INFO  s.d.s.w.r.operation.CachingOperationNameGenerator - Generating unique operation named: deleteUsingPOST_2
2025-06-12 17:00:35.277 [main] INFO  s.d.s.w.r.operation.CachingOperationNameGenerator - Generating unique operation named: updateUsingPOST_4
2025-06-12 17:00:35.285 [main] INFO  s.d.s.w.r.operation.CachingOperationNameGenerator - Generating unique operation named: listUsingGET_1
2025-06-12 17:00:35.288 [main] INFO  s.d.s.w.r.operation.CachingOperationNameGenerator - Generating unique operation named: listUsingGET_2
2025-06-12 17:00:35.310 [main] INFO  s.d.s.w.r.operation.CachingOperationNameGenerator - Generating unique operation named: getInfoUsingGET_3
2025-06-12 17:00:35.321 [main] INFO  s.d.s.w.r.operation.CachingOperationNameGenerator - Generating unique operation named: getInfoUsingGET_4
2025-06-12 17:00:35.327 [main] INFO  s.d.s.w.r.operation.CachingOperationNameGenerator - Generating unique operation named: loginUsingPOST_1
2025-06-12 17:00:35.336 [main] INFO  s.d.s.w.r.operation.CachingOperationNameGenerator - Generating unique operation named: updateUsingPOST_5
2025-06-12 17:00:35.354 [main] INFO  com.kang.smdc.SmdcApplication - Started SmdcApplication in 8.767 seconds (JVM running for 10.819)
2025-06-12 17:02:13.567 [http-nio-8080-exec-1] INFO  o.a.c.core.ContainerBase.[Tomcat].[localhost].[/] - Initializing Spring DispatcherServlet 'dispatcherServlet'
2025-06-12 17:02:13.567 [http-nio-8080-exec-1] INFO  org.springframework.web.servlet.DispatcherServlet - Initializing Servlet 'dispatcherServlet'
2025-06-12 17:02:13.568 [http-nio-8080-exec-1] INFO  org.springframework.web.servlet.DispatcherServlet - Completed initialization in 1 ms
2025-06-12 17:02:13.655 [http-nio-8080-exec-1] INFO  com.kang.smdc.controller.mini.MiniUserController - 账号密码登录：username=test
2025-06-12 17:02:13.731 [http-nio-8080-exec-1] INFO  com.zaxxer.hikari.HikariDataSource - HikariCP - Starting...
2025-06-12 17:02:13.883 [http-nio-8080-exec-1] INFO  com.zaxxer.hikari.HikariDataSource - HikariCP - Start completed.
2025-06-12 17:59:13.705 [main] INFO  com.kang.smdc.SmdcApplication - Starting SmdcApplication using Java 1.8.0_271 on LAPTOP-4SK4LL6T with PID 35312 (D:\Documents\git_project\smdc\target\classes started by XK in D:\Documents\git_project\smdc)
2025-06-12 17:59:13.713 [main] DEBUG com.kang.smdc.SmdcApplication - Running with Spring Boot v2.6.13, Spring v5.3.23
2025-06-12 17:59:13.714 [main] INFO  com.kang.smdc.SmdcApplication - No active profile set, falling back to 1 default profile: "default"
2025-06-12 17:59:17.840 [main] INFO  o.s.boot.web.embedded.tomcat.TomcatWebServer - Tomcat initialized with port(s): 8080 (http)
2025-06-12 17:59:17.844 [main] INFO  org.apache.catalina.core.AprLifecycleListener - An older version [1.2.26] of the Apache Tomcat Native library is installed, while Tomcat recommends a minimum version of [1.2.30]
2025-06-12 17:59:17.845 [main] INFO  org.apache.catalina.core.AprLifecycleListener - Loaded Apache Tomcat Native library [1.2.26] using APR version [1.7.0].
2025-06-12 17:59:17.845 [main] INFO  org.apache.catalina.core.AprLifecycleListener - APR capabilities: IPv6 [true], sendfile [true], accept filters [false], random [true], UDS [true].
2025-06-12 17:59:17.847 [main] INFO  org.apache.catalina.core.AprLifecycleListener - APR/OpenSSL configuration: useAprConnector [false], useOpenSSL [true]
2025-06-12 17:59:17.857 [main] INFO  org.apache.catalina.core.AprLifecycleListener - OpenSSL successfully initialized [OpenSSL 1.1.1i  8 Dec 2020]
2025-06-12 17:59:17.883 [main] INFO  org.apache.catalina.core.StandardService - Starting service [Tomcat]
2025-06-12 17:59:17.883 [main] INFO  org.apache.catalina.core.StandardEngine - Starting Servlet engine: [Apache Tomcat/9.0.68]
2025-06-12 17:59:18.672 [main] INFO  o.a.c.core.ContainerBase.[Tomcat].[localhost].[/] - Initializing Spring embedded WebApplicationContext
2025-06-12 17:59:18.673 [main] INFO  o.s.b.w.s.c.ServletWebServerApplicationContext - Root WebApplicationContext: initialization completed in 4847 ms
2025-06-12 17:59:23.398 [main] INFO  s.d.s.w.WebMvcPropertySourcedRequestMappingHandlerMapping - Mapped URL path [/v2/api-docs] onto method [springfox.documentation.swagger2.web.Swagger2ControllerWebMvc#getDocumentation(String, HttpServletRequest)]
2025-06-12 17:59:24.030 [main] INFO  o.s.b.a.web.servlet.WelcomePageHandlerMapping - Adding welcome page: class path resource [static/index.html]
2025-06-12 17:59:24.067 [main] INFO  com.kang.smdc.config.WebMvcConfig - 开始进行静态资源映射...
2025-06-12 17:59:24.383 [main] INFO  o.s.boot.web.embedded.tomcat.TomcatWebServer - Tomcat started on port(s): 8080 (http) with context path ''
2025-06-12 17:59:24.386 [main] INFO  s.d.s.web.plugins.DocumentationPluginsBootstrapper - Documentation plugins bootstrapped
2025-06-12 17:59:24.392 [main] INFO  s.d.s.web.plugins.DocumentationPluginsBootstrapper - Found 1 custom documentation plugin(s)
2025-06-12 17:59:24.449 [main] INFO  s.d.spring.web.scanners.ApiListingReferenceScanner - Scanning for api listing references
2025-06-12 17:59:24.768 [main] INFO  s.d.s.w.r.operation.CachingOperationNameGenerator - Generating unique operation named: pageUsingGET_1
2025-06-12 17:59:24.790 [main] INFO  s.d.s.w.r.operation.CachingOperationNameGenerator - Generating unique operation named: addUsingPOST_1
2025-06-12 17:59:24.794 [main] INFO  s.d.s.w.r.operation.CachingOperationNameGenerator - Generating unique operation named: deleteUsingPOST_1
2025-06-12 17:59:24.798 [main] INFO  s.d.s.w.r.operation.CachingOperationNameGenerator - Generating unique operation named: updateUsingPOST_1
2025-06-12 17:59:24.829 [main] INFO  s.d.s.w.r.operation.CachingOperationNameGenerator - Generating unique operation named: pageUsingGET_2
2025-06-12 17:59:24.836 [main] INFO  s.d.s.w.r.operation.CachingOperationNameGenerator - Generating unique operation named: getInfoUsingGET_1
2025-06-12 17:59:24.853 [main] INFO  s.d.s.w.r.operation.CachingOperationNameGenerator - Generating unique operation named: addUsingPOST_2
2025-06-12 17:59:24.858 [main] INFO  s.d.s.w.r.operation.CachingOperationNameGenerator - Generating unique operation named: updateUsingPOST_2
2025-06-12 17:59:24.870 [main] INFO  s.d.s.w.r.operation.CachingOperationNameGenerator - Generating unique operation named: getInfoUsingGET_2
2025-06-12 17:59:24.878 [main] INFO  s.d.s.w.r.operation.CachingOperationNameGenerator - Generating unique operation named: updateUsingPOST_3
2025-06-12 17:59:24.901 [main] INFO  s.d.s.w.r.operation.CachingOperationNameGenerator - Generating unique operation named: addUsingPOST_3
2025-06-12 17:59:24.905 [main] INFO  s.d.s.w.r.operation.CachingOperationNameGenerator - Generating unique operation named: deleteUsingPOST_2
2025-06-12 17:59:24.912 [main] INFO  s.d.s.w.r.operation.CachingOperationNameGenerator - Generating unique operation named: updateUsingPOST_4
2025-06-12 17:59:24.925 [main] INFO  s.d.s.w.r.operation.CachingOperationNameGenerator - Generating unique operation named: listUsingGET_1
2025-06-12 17:59:24.929 [main] INFO  s.d.s.w.r.operation.CachingOperationNameGenerator - Generating unique operation named: listUsingGET_2
2025-06-12 17:59:24.962 [main] INFO  s.d.s.w.r.operation.CachingOperationNameGenerator - Generating unique operation named: getInfoUsingGET_3
2025-06-12 17:59:24.979 [main] INFO  s.d.s.w.r.operation.CachingOperationNameGenerator - Generating unique operation named: getInfoUsingGET_4
2025-06-12 17:59:24.990 [main] INFO  s.d.s.w.r.operation.CachingOperationNameGenerator - Generating unique operation named: loginUsingPOST_1
2025-06-12 17:59:25.006 [main] INFO  s.d.s.w.r.operation.CachingOperationNameGenerator - Generating unique operation named: updateUsingPOST_5
2025-06-12 17:59:25.045 [main] INFO  com.kang.smdc.SmdcApplication - Started SmdcApplication in 12.937 seconds (JVM running for 15.625)
2025-06-12 18:27:07.474 [main] INFO  com.kang.smdc.SmdcApplication - Starting SmdcApplication using Java 1.8.0_271 on LAPTOP-4SK4LL6T with PID 19508 (D:\Documents\git_project\smdc\target\classes started by XK in D:\Documents\git_project\smdc)
2025-06-12 18:27:07.478 [main] DEBUG com.kang.smdc.SmdcApplication - Running with Spring Boot v2.6.13, Spring v5.3.23
2025-06-12 18:27:07.480 [main] INFO  com.kang.smdc.SmdcApplication - No active profile set, falling back to 1 default profile: "default"
2025-06-12 18:27:09.828 [main] INFO  o.s.boot.web.embedded.tomcat.TomcatWebServer - Tomcat initialized with port(s): 8080 (http)
2025-06-12 18:27:09.829 [main] INFO  org.apache.catalina.core.AprLifecycleListener - An older version [1.2.26] of the Apache Tomcat Native library is installed, while Tomcat recommends a minimum version of [1.2.30]
2025-06-12 18:27:09.830 [main] INFO  org.apache.catalina.core.AprLifecycleListener - Loaded Apache Tomcat Native library [1.2.26] using APR version [1.7.0].
2025-06-12 18:27:09.830 [main] INFO  org.apache.catalina.core.AprLifecycleListener - APR capabilities: IPv6 [true], sendfile [true], accept filters [false], random [true], UDS [true].
2025-06-12 18:27:09.830 [main] INFO  org.apache.catalina.core.AprLifecycleListener - APR/OpenSSL configuration: useAprConnector [false], useOpenSSL [true]
2025-06-12 18:27:09.834 [main] INFO  org.apache.catalina.core.AprLifecycleListener - OpenSSL successfully initialized [OpenSSL 1.1.1i  8 Dec 2020]
2025-06-12 18:27:09.846 [main] INFO  org.apache.catalina.core.StandardService - Starting service [Tomcat]
2025-06-12 18:27:09.846 [main] INFO  org.apache.catalina.core.StandardEngine - Starting Servlet engine: [Apache Tomcat/9.0.68]
2025-06-12 18:27:10.087 [main] INFO  o.a.c.core.ContainerBase.[Tomcat].[localhost].[/] - Initializing Spring embedded WebApplicationContext
2025-06-12 18:27:10.088 [main] INFO  o.s.b.w.s.c.ServletWebServerApplicationContext - Root WebApplicationContext: initialization completed in 2525 ms
2025-06-12 18:27:12.765 [main] INFO  s.d.s.w.WebMvcPropertySourcedRequestMappingHandlerMapping - Mapped URL path [/v2/api-docs] onto method [springfox.documentation.swagger2.web.Swagger2ControllerWebMvc#getDocumentation(String, HttpServletRequest)]
2025-06-12 18:27:13.132 [main] INFO  o.s.b.a.web.servlet.WelcomePageHandlerMapping - Adding welcome page: class path resource [static/index.html]
2025-06-12 18:27:13.154 [main] INFO  com.kang.smdc.config.WebMvcConfig - 开始进行静态资源映射...
2025-06-12 18:27:13.338 [main] INFO  o.s.boot.web.embedded.tomcat.TomcatWebServer - Tomcat started on port(s): 8080 (http) with context path ''
2025-06-12 18:27:13.339 [main] INFO  s.d.s.web.plugins.DocumentationPluginsBootstrapper - Documentation plugins bootstrapped
2025-06-12 18:27:13.342 [main] INFO  s.d.s.web.plugins.DocumentationPluginsBootstrapper - Found 1 custom documentation plugin(s)
2025-06-12 18:27:13.378 [main] INFO  s.d.spring.web.scanners.ApiListingReferenceScanner - Scanning for api listing references
2025-06-12 18:27:13.526 [main] INFO  s.d.s.w.r.operation.CachingOperationNameGenerator - Generating unique operation named: pageUsingGET_1
2025-06-12 18:27:13.536 [main] INFO  s.d.s.w.r.operation.CachingOperationNameGenerator - Generating unique operation named: addUsingPOST_1
2025-06-12 18:27:13.537 [main] INFO  s.d.s.w.r.operation.CachingOperationNameGenerator - Generating unique operation named: deleteUsingPOST_1
2025-06-12 18:27:13.539 [main] INFO  s.d.s.w.r.operation.CachingOperationNameGenerator - Generating unique operation named: updateUsingPOST_1
2025-06-12 18:27:13.554 [main] INFO  s.d.s.w.r.operation.CachingOperationNameGenerator - Generating unique operation named: pageUsingGET_2
2025-06-12 18:27:13.558 [main] INFO  s.d.s.w.r.operation.CachingOperationNameGenerator - Generating unique operation named: getInfoUsingGET_1
2025-06-12 18:27:13.563 [main] INFO  s.d.s.w.r.operation.CachingOperationNameGenerator - Generating unique operation named: addUsingPOST_2
2025-06-12 18:27:13.565 [main] INFO  s.d.s.w.r.operation.CachingOperationNameGenerator - Generating unique operation named: updateUsingPOST_2
2025-06-12 18:27:13.570 [main] INFO  s.d.s.w.r.operation.CachingOperationNameGenerator - Generating unique operation named: getInfoUsingGET_2
2025-06-12 18:27:13.572 [main] INFO  s.d.s.w.r.operation.CachingOperationNameGenerator - Generating unique operation named: updateUsingPOST_3
2025-06-12 18:27:13.583 [main] INFO  s.d.s.w.r.operation.CachingOperationNameGenerator - Generating unique operation named: addUsingPOST_3
2025-06-12 18:27:13.585 [main] INFO  s.d.s.w.r.operation.CachingOperationNameGenerator - Generating unique operation named: deleteUsingPOST_2
2025-06-12 18:27:13.589 [main] INFO  s.d.s.w.r.operation.CachingOperationNameGenerator - Generating unique operation named: updateUsingPOST_4
2025-06-12 18:27:13.595 [main] INFO  s.d.s.w.r.operation.CachingOperationNameGenerator - Generating unique operation named: listUsingGET_1
2025-06-12 18:27:13.597 [main] INFO  s.d.s.w.r.operation.CachingOperationNameGenerator - Generating unique operation named: listUsingGET_2
2025-06-12 18:27:13.615 [main] INFO  s.d.s.w.r.operation.CachingOperationNameGenerator - Generating unique operation named: getInfoUsingGET_3
2025-06-12 18:27:13.622 [main] INFO  s.d.s.w.r.operation.CachingOperationNameGenerator - Generating unique operation named: getInfoUsingGET_4
2025-06-12 18:27:13.628 [main] INFO  s.d.s.w.r.operation.CachingOperationNameGenerator - Generating unique operation named: loginUsingPOST_1
2025-06-12 18:27:13.634 [main] INFO  s.d.s.w.r.operation.CachingOperationNameGenerator - Generating unique operation named: updateUsingPOST_5
2025-06-12 18:27:13.652 [main] INFO  com.kang.smdc.SmdcApplication - Started SmdcApplication in 7.343 seconds (JVM running for 9.347)
2025-06-12 18:31:38.334 [http-nio-8080-exec-1] INFO  o.a.c.core.ContainerBase.[Tomcat].[localhost].[/] - Initializing Spring DispatcherServlet 'dispatcherServlet'
2025-06-12 18:31:38.335 [http-nio-8080-exec-1] INFO  org.springframework.web.servlet.DispatcherServlet - Initializing Servlet 'dispatcherServlet'
2025-06-12 18:31:38.336 [http-nio-8080-exec-1] INFO  org.springframework.web.servlet.DispatcherServlet - Completed initialization in 1 ms
2025-06-12 18:31:38.405 [http-nio-8080-exec-1] INFO  com.kang.smdc.controller.mini.MiniUserController - 账号密码登录：username=test
2025-06-12 18:31:38.485 [http-nio-8080-exec-1] INFO  com.zaxxer.hikari.HikariDataSource - HikariCP - Starting...
2025-06-12 18:31:38.623 [http-nio-8080-exec-1] INFO  com.zaxxer.hikari.HikariDataSource - HikariCP - Start completed.
2025-06-12 18:31:43.742 [http-nio-8080-exec-4] INFO  com.kang.smdc.controller.mini.MiniShopController - 小程序获取店铺信息
2025-06-12 18:32:02.444 [http-nio-8080-exec-5] INFO  com.kang.smdc.controller.mini.MiniShopController - 小程序获取店铺信息
